  warning.cpp
  ui.cpp
  tutorial.cpp
  titlebg.cpp
  title.cpp
  time.cpp
  surroundings.cpp
  start_logo.cpp
  spark.cpp
  sound.cpp
  shock.cpp
  shield.cpp
  score.cpp
  scene2d.cpp
  scene.cpp
  resultbg.cpp
  result.cpp
  renderer.cpp
  remain.cpp
  ranking.cpp
  コードを生成中...
  コンパイル中...
  polygon.cpp
  player.cpp
  number.cpp
  muzzle_flash.cpp
  message.cpp
  menu.cpp
  manager.cpp
  main.cpp
  light.cpp
  laser.cpp
  keyboard.cpp
  joypad.cpp
  input.cpp
  icon.cpp
  hpbar.cpp
  game.cpp
  gage.cpp
  flash.cpp
  fire.cpp
  fade.cpp
  コードを生成中...
  コンパイル中...
  explosion.cpp
  enemy.cpp
  effect.cpp
  crow.cpp
  controller.cpp
  bullet.cpp
  boss.cpp
  bomb_ui.cpp
  bomb.cpp
  bg.cpp
  alert.cpp
  コードを生成中...
  2年_2Dシューティングゲーム.vcxproj -> C:\Users\student\Desktop\吉田学園情報ビジネス専門学校_小西優斗\10_2年2Dシューティング\00_2Dシューティングゲーム\01_開発環境\2年_2Dシューティングゲーム\Debug\2年_2Dシューティングゲーム.exe
  2年_2Dシューティングゲーム.vcxproj -> C:\Users\student\Desktop\吉田学園情報ビジネス専門学校_小西優斗\10_2年2Dシューティング\00_2Dシューティングゲーム\01_開発環境\2年_2Dシューティングゲーム\Debug\2年_2Dシューティングゲーム.pdb (Full PDB)
